TN:
SF:src/controllers/sessionController.ts
FN:6,(anonymous_0)
FN:8,(anonymous_1)
FN:28,(anonymous_2)
FNF:3
FNH:0
FNDA:0,(anonymous_0)
FNDA:0,(anonymous_1)
FNDA:0,(anonymous_2)
DA:2,0
DA:5,0
DA:6,0
DA:8,0
DA:9,0
DA:10,0
DA:12,0
DA:20,0
DA:21,0
DA:22,0
DA:23,0
DA:25,0
DA:28,0
DA:29,0
DA:30,0
DA:32,0
DA:33,0
DA:35,0
LF:18
LH:0
BRDA:32,0,0,0
BRDA:32,0,1,0
BRF:2
BRH:0
end_of_record
TN:
SF:src/services/sessionService.ts
FN:9,(anonymous_1)
FN:14,(anonymous_2)
FN:25,(anonymous_3)
FN:33,(anonymous_4)
FN:45,(anonymous_5)
FN:49,(anonymous_6)
FN:61,(anonymous_7)
FN:69,(anonymous_8)
FN:78,(anonymous_9)
FNF:9
FNH:8
FNDA:10,(anonymous_1)
FNDA:10,(anonymous_2)
FNDA:9,(anonymous_3)
FNDA:6,(anonymous_4)
FNDA:4,(anonymous_5)
FNDA:2,(anonymous_6)
FNDA:2,(anonymous_7)
FNDA:2,(anonymous_8)
FNDA:0,(anonymous_9)
DA:1,1
DA:2,1
DA:5,1
DA:10,10
DA:11,10
DA:15,10
DA:16,10
DA:17,10
DA:20,0
DA:22,0
DA:26,9
DA:27,9
DA:29,0
DA:34,6
DA:35,6
DA:40,6
DA:41,6
DA:42,6
DA:46,4
DA:50,2
DA:52,1
DA:57,1
DA:58,1
DA:62,2
DA:64,1
DA:65,1
DA:66,1
DA:70,2
DA:71,2
DA:73,1
DA:74,1
DA:75,1
DA:79,0
DA:80,0
DA:82,0
DA:83,0
DA:84,0
DA:85,0
LF:38
LH:29
BRDA:16,0,0,10
BRDA:46,1,0,4
BRDA:46,1,1,2
BRDA:50,2,0,1
BRDA:62,3,0,1
BRDA:71,4,0,1
BRDA:80,5,0,0
BRF:7
BRH:6
end_of_record
TN:
SF:src/services/voteService.ts
FN:4,(anonymous_0)
FN:13,(anonymous_1)
FN:21,(anonymous_2)
FN:22,(anonymous_3)
FN:25,(anonymous_4)
FN:26,(anonymous_5)
FN:32,(anonymous_6)
FN:43,(anonymous_7)
FN:56,(anonymous_8)
FNF:9
FNH:9
FNDA:3,(anonymous_0)
FNDA:7,(anonymous_1)
FNDA:4,(anonymous_2)
FNDA:3,(anonymous_3)
FNDA:4,(anonymous_4)
FNDA:3,(anonymous_5)
FNDA:7,(anonymous_6)
FNDA:7,(anonymous_7)
FNDA:1,(anonymous_8)
DA:3,1
DA:5,3
DA:6,1
DA:9,2
DA:10,2
DA:12,2
DA:13,2
DA:14,7
DA:17,2
DA:18,2
DA:20,2
DA:21,4
DA:22,3
DA:24,2
DA:25,4
DA:26,3
DA:28,2
DA:29,2
DA:30,2
DA:32,2
DA:33,7
DA:34,7
DA:35,6
DA:36,1
DA:37,1
DA:39,0
DA:43,7
DA:44,2
DA:46,2
DA:57,1
LF:30
LH:29
BRDA:5,0,0,1
BRDA:14,1,0,7
BRDA:14,1,1,4
BRDA:34,2,0,6
BRDA:34,2,1,1
BRDA:36,3,0,1
BRDA:36,3,1,0
BRF:7
BRH:6
end_of_record
TN:
SF:src/socket/socketHandler.ts
FN:7,(anonymous_0)
FN:13,(anonymous_1)
FN:18,(anonymous_2)
FN:25,(anonymous_3)
FN:45,(anonymous_4)
FN:50,(anonymous_5)
FNF:6
FNH:0
FNDA:0,(anonymous_0)
FNDA:0,(anonymous_1)
FNDA:0,(anonymous_2)
FNDA:0,(anonymous_3)
FNDA:0,(anonymous_4)
FNDA:0,(anonymous_5)
DA:2,0
DA:6,0
DA:8,0
DA:9,0
DA:10,0
DA:14,0
DA:17,0
DA:18,0
DA:19,0
DA:21,0
DA:22,0
DA:25,0
DA:26,0
DA:27,0
DA:28,0
DA:31,0
DA:32,0
DA:33,0
DA:35,0
DA:36,0
DA:37,0
DA:38,0
DA:39,0
DA:46,0
DA:47,0
DA:49,0
DA:51,0
DA:52,0
DA:54,0
DA:59,0
LF:30
LH:0
BRDA:17,0,0,0
BRDA:17,0,1,0
BRDA:19,1,0,0
BRDA:19,1,1,0
BRDA:21,2,0,0
BRDA:27,3,0,0
BRDA:47,4,0,0
BRDA:51,5,0,0
BRF:8
BRH:0
end_of_record
